<?xml version="1.0" encoding="UTF-8"?>
<testsuite name="hello.HelloControllerTest" tests="1" skipped="0" failures="0" errors="0" timestamp="2015-04-02T01:23:36" hostname="192.168.1.6" time="0.042">
  <properties/>
  <testcase name="getHello" classname="hello.HelloControllerTest" time="0.042"/>
  <system-out><![CDATA[2015-04-01 21:23:36.917  INFO 21987 --- [    Test worker] o.s.t.c.web.WebTestContextBootstrapper   : Loaded default TestExecutionListener class names from location [META-INF/spring.factories]: [org.springframework.test.context.web.ServletTestExecutionListener, org.springframework.test.context.support.DependencyInjectionTestExecutionListener, org.springframework.test.context.support.DirtiesContextTestExecutionListener, org.springframework.test.context.transaction.TransactionalTestExecutionListener, org.springframework.test.context.jdbc.SqlScriptsTestExecutionListener]
2015-04-01 21:23:36.918  INFO 21987 --- [    Test worker] o.s.t.c.web.WebTestContextBootstrapper   : Could not instantiate TestExecutionListener [org.springframework.test.context.transaction.TransactionalTestExecutionListener]. Specify custom listener classes or make the default listener classes (and their required dependencies) available. Offending class: [org/springframework/transaction/interceptor/TransactionAttributeSource]
2015-04-01 21:23:36.919  INFO 21987 --- [    Test worker] o.s.t.c.web.WebTestContextBootstrapper   : Could not instantiate TestExecutionListener [org.springframework.test.context.jdbc.SqlScriptsTestExecutionListener]. Specify custom listener classes or make the default listener classes (and their required dependencies) available. Offending class: [org/springframework/transaction/interceptor/TransactionAttribute]
2015-04-01 21:23:36.919  INFO 21987 --- [    Test worker] o.s.t.c.web.WebTestContextBootstrapper   : Using TestExecutionListeners: [org.springframework.test.context.web.ServletTestExecutionListener@2ddc183d, org.springframework.test.context.support.DependencyInjectionTestExecutionListener@a2baf70, org.springframework.test.context.support.DirtiesContextTestExecutionListener@26bc0d79]

  .   ____          _            __ _ _
 /\\ / ___'_ __ _ _(_)_ __  __ _ \ \ \ \
( ( )\___ | '_ | '_| | '_ \/ _` | \ \ \ \
 \\/  ___)| |_)| | | | | || (_| |  ) ) ) )
  '  |____| .__|_| |_|_| |_\__, | / / / /
 =========|_|==============|___/=/_/_/_/
 :: Spring Boot ::        (v1.2.2.RELEASE)

2015-04-01 21:23:36.947  INFO 21987 --- [    Test worker] o.s.boot.SpringApplication               : Starting application on 192.168.1.6 with PID 21987 (/Users/philip/.gradle/caches/modules-2/files-2.1/org.springframework.boot/spring-boot/1.2.2.RELEASE/c2495d6c08c742743366f50e25ad76f5dfcd9f75/spring-boot-1.2.2.RELEASE.jar started by philip in /Users/philip/Projects/P-S/spring-boot-example)
2015-04-01 21:23:36.950  INFO 21987 --- [    Test worker] o.s.w.c.s.GenericWebApplicationContext   : Refreshing org.springframework.web.context.support.GenericWebApplicationContext@d26287a: startup date [Wed Apr 01 21:23:36 EDT 2015]; root of context hierarchy
2015-04-01 21:23:36.957  INFO 21987 --- [    Test worker] o.s.boot.SpringApplication               : Started application in 0.029 seconds (JVM running for 3.143)
2015-04-01 21:23:36.972  INFO 21987 --- [    Test worker] ilder$StaticRequestMappingHandlerMapping : Mapped "{[/],methods=[],params=[],headers=[],consumes=[],produces=[],custom=[]}" onto public java.lang.String hello.HelloController.index()
2015-04-01 21:23:36.981  INFO 21987 --- [    Test worker] s.w.s.m.m.a.RequestMappingHandlerAdapter : Looking for @ControllerAdvice: org.springframework.test.web.servlet.setup.StubWebApplicationContext@2e8d5e1f
2015-04-01 21:23:36.989  INFO 21987 --- [    Test worker] o.s.mock.web.MockServletContext          : Initializing Spring FrameworkServlet ''
2015-04-01 21:23:36.990  INFO 21987 --- [    Test worker] o.s.t.web.servlet.TestDispatcherServlet  : FrameworkServlet '': initialization started
2015-04-01 21:23:36.994  INFO 21987 --- [    Test worker] o.s.t.web.servlet.TestDispatcherServlet  : FrameworkServlet '': initialization completed in 4 ms
]]></system-out>
  <system-err><![CDATA[]]></system-err>
</testsuite>
